<?xml version="1.0" encoding="UTF-8"?>
<!-- Generated by org.testng.reporters.JUnitReportReporter -->
<testsuite skipped="1" hostname="DAWN" name="challenge2.mmt.tests.FlightPrices" tests="1" failures="0" timestamp="26 Apr 2019 15:19:59 GMT" time="0.000" errors="0">
  <testcase name="FlightPrice" time="0.000" classname="challenge2.mmt.tests.FlightPrices">
    <skipped/>
  </testcase> <!-- FlightPrice -->
</testsuite> <!-- challenge2.mmt.tests.FlightPrices -->
