<?xml version="1.0" encoding="UTF-8"?>
<!-- Generated by org.testng.reporters.JUnitReportReporter -->
<testsuite skipped="0" hostname="DAWN" name="demoTest.NewTest" tests="1" failures="0" timestamp="23 Apr 2019 05:21:17 GMT" time="43.998" errors="0">
  <testcase name="f" time="43.998" classname="demoTest.NewTest"/>
</testsuite> <!-- demoTest.NewTest -->
