<?xml version="1.0" encoding="UTF-8"?>
<!-- Generated by org.testng.reporters.JUnitReportReporter -->
<testsuite skipped="0" hostname="DAWN" name="challenge2.mmt.tests.SearchFlightTest" tests="1" failures="0" timestamp="26 Apr 2019 15:19:59 GMT" time="13.666" errors="0">
  <testcase name="searchFlights" time="13.666" classname="challenge2.mmt.tests.SearchFlightTest"/>
</testsuite> <!-- challenge2.mmt.tests.SearchFlightTest -->
